2022-03-26 02:54:54,944 [BombeRLeWorld] INFO: Initializing game world
2022-03-26 02:54:57,476 [BombeRLeWorld] INFO: STARTING ROUND #1
2022-03-26 02:54:57,887 [BombeRLeWorld] INFO: STARTING STEP 1
2022-03-26 02:54:57,915 [BombeRLeWorld] INFO: Agent <deep_q_learning> chose action RIGHT in 0.03s.
2022-03-26 02:54:57,915 [BombeRLeWorld] INFO: Agent <deep_q_learning> stayed within acceptable think time.
2022-03-26 02:55:00,271 [BombeRLeWorld] INFO: STARTING STEP 2
2022-03-26 02:55:00,298 [BombeRLeWorld] INFO: Agent <deep_q_learning> chose action RIGHT in 0.03s.
2022-03-26 02:55:00,298 [BombeRLeWorld] INFO: Agent <deep_q_learning> stayed within acceptable think time.
2022-03-26 02:55:00,573 [BombeRLeWorld] INFO: STARTING STEP 3
2022-03-26 02:55:00,600 [BombeRLeWorld] INFO: Agent <deep_q_learning> chose action RIGHT in 0.03s.
2022-03-26 02:55:00,600 [BombeRLeWorld] INFO: Agent <deep_q_learning> stayed within acceptable think time.
2022-03-26 02:55:01,876 [BombeRLeWorld] INFO: STARTING STEP 4
2022-03-26 02:55:01,906 [BombeRLeWorld] INFO: Agent <deep_q_learning> chose action BOMB in 0.03s.
2022-03-26 02:55:01,906 [BombeRLeWorld] INFO: Agent <deep_q_learning> stayed within acceptable think time.
2022-03-26 02:55:01,906 [BombeRLeWorld] INFO: Agent <deep_q_learning> drops bomb at (4, 1)
2022-03-26 02:55:02,277 [BombeRLeWorld] INFO: STARTING STEP 5
2022-03-26 02:55:02,303 [BombeRLeWorld] INFO: Agent <deep_q_learning> chose action LEFT in 0.03s.
2022-03-26 02:55:02,303 [BombeRLeWorld] INFO: Agent <deep_q_learning> stayed within acceptable think time.
2022-03-26 02:55:02,883 [BombeRLeWorld] INFO: STARTING STEP 6
2022-03-26 02:55:02,909 [BombeRLeWorld] INFO: Agent <deep_q_learning> chose action LEFT in 0.03s.
2022-03-26 02:55:02,909 [BombeRLeWorld] INFO: Agent <deep_q_learning> stayed within acceptable think time.
2022-03-26 02:55:04,990 [BombeRLeWorld] INFO: STARTING STEP 7
2022-03-26 02:55:05,016 [BombeRLeWorld] INFO: Agent <deep_q_learning> chose action DOWN in 0.03s.
2022-03-26 02:55:05,016 [BombeRLeWorld] INFO: Agent <deep_q_learning> stayed within acceptable think time.
